--- session start 2026-06-18T20:11:56.596Z ---
[20:11:56.596] [WARN] [ArtNet/wk] tick stats: 58 ticks/2001ms avg=33.33ms (28.99fps) p50=33.0 p95=35.0 max=35.0 maxBehind=1.7ms hardStalls=0 target=33.33ms
[20:15:24.662] [WARN] [ArtNet/wk] tick stats: 59 ticks/2002ms avg=33.32ms (29.47fps) p50=33.0 p95=35.0 max=35.0 maxBehind=1.8ms hardStalls=0 target=33.33ms
[20:17:46.727] [WARN] [ArtNet/wk] tick stats: 59 ticks/2001ms avg=33.37ms (29.49fps) p50=33.0 p95=36.0 max=36.0 maxBehind=3.9ms hardStalls=0 target=33.33ms
[20:18:01.680] [ERROR] [main] WS broadcast slow: 8ms (clients=2)
[20:18:20.260] [ERROR] [main] WS broadcast slow: 6ms (clients=2)
[20:19:42.077] [ERROR] [main] WS broadcast slow: 6ms (clients=2)
[20:21:03.544] [ERROR] [main] WS broadcast slow: 12ms (clients=2)
[20:22:25.802] [ERROR] [main] WS broadcast slow: 6ms (clients=2)
[20:26:55.028] [WARN] [ArtNet/wk] tick stats: 59 ticks/2003ms avg=33.36ms (29.46fps) p50=33.0 p95=36.0 max=37.0 maxBehind=2.9ms hardStalls=0 target=33.33ms
[20:27:29.162] [ERROR] [main] WS broadcast slow: 6ms (clients=3)
[20:27:51.876] [ERROR] [main] WS broadcast slow: 21ms (clients=3)
[20:28:15.610] [ERROR] [main] WS broadcast slow: 21ms (clients=3)
[20:30:13.602] [ERROR] [main] WS broadcast slow: 15ms (clients=3)
[20:34:04.677] [ERROR] [main] WS broadcast slow: 9ms (clients=3)
[20:35:49.731] [ERROR] [main] WS broadcast slow: 10ms (clients=3)
[20:36:12.797] [ERROR] [main] WS broadcast slow: 12ms (clients=3)
[20:38:37.298] [ERROR] [main] WS broadcast slow: 12ms (clients=3)
[20:39:00.348] [ERROR] [main] WS broadcast slow: 11ms (clients=3)
[20:40:58.778] [ERROR] [main] WS broadcast slow: 7ms (clients=3)
[20:41:10.440] [ERROR] [main] WS broadcast slow: 6ms (clients=3)
[20:41:33.215] [ERROR] [main] WS broadcast slow: 7ms (clients=3)
[20:41:44.615] [ERROR] [main] WS broadcast slow: 12ms (clients=3)
[20:42:19.196] [ERROR] [main] WS broadcast slow: 10ms (clients=3)
[20:42:42.456] [ERROR] [main] WS broadcast slow: 8ms (clients=3)
[20:43:17.293] [ERROR] [main] WS broadcast slow: 13ms (clients=2)
[20:44:16.566] [ERROR] [main] WS broadcast slow: 8ms (clients=2)
[20:45:33.722] [ERROR] [main] WS broadcast slow: 6ms (clients=3)
[20:47:50.316] [ERROR] [main] WS broadcast slow: 6ms (clients=3)
[20:48:36.543] [ERROR] [main] WS broadcast slow: 10ms (clients=3)
[20:51:20.765] [ERROR] [main] WS broadcast slow: 11ms (clients=3)
[20:51:32.667] [ERROR] [main] WS broadcast slow: 13ms (clients=3)
[20:54:53.276] [ERROR] [main] WS broadcast slow: 17ms (clients=3)
[20:57:34.301] [ERROR] [main] WS broadcast slow: 11ms (clients=3)
[20:57:55.864] [ERROR] [main] WS broadcast slow: 10ms (clients=3)
[20:58:07.602] [ERROR] [main] WS broadcast slow: 8ms (clients=3)
[21:01:18.742] [ERROR] [main] WS broadcast slow: 6ms (clients=3)
[21:02:04.633] [ERROR] [main] WS broadcast slow: 9ms (clients=3)
[21:06:05.232] [ERROR] [main] WS broadcast slow: 7ms (clients=3)
[21:10:09.046] [ERROR] [main] WS broadcast slow: 10ms (clients=3)
[21:14:51.632] [ERROR] [main] WS broadcast slow: 18ms (clients=3)
[21:16:12.829] [ERROR] [main] WS broadcast slow: 6ms (clients=3)
[21:18:30.040] [ERROR] [main] WS broadcast slow: 13ms (clients=3)
[21:19:41.299] [ERROR] [main] WS broadcast slow: 6ms (clients=3)
[21:21:00.440] [ERROR] [main] WS broadcast slow: 15ms (clients=2)
[21:23:30.385] [ERROR] [main] WS broadcast slow: 7ms (clients=2)
[21:23:30.386] [WARN] [ArtNet/wk] Late tick: 56.0ms (target 33.3ms, behind 22.8ms)
[21:25:01.208] [ERROR] [main] WS broadcast slow: 27ms (clients=2)
[21:26:35.009] [WARN] [ArtNet/wk] Late tick: 57.0ms (target 33.3ms, behind 24.9ms)
[21:26:46.482] [ERROR] [main] WS broadcast slow: 7ms (clients=2)
[21:29:23.220] [ERROR] [main] WS broadcast slow: 8ms (clients=3)
[21:29:43.992] [ERROR] [main] WS broadcast slow: 7ms (clients=3)
[21:30:24.607] [WARN] [ArtNet/wk] Late tick: 57.0ms (target 33.3ms, behind 23.5ms)
[21:32:30.567] [ERROR] [main] WS broadcast slow: 20ms (clients=3)
[21:33:10.312] [ERROR] [main] WS broadcast slow: 8ms (clients=3)
[21:37:16.578] [WARN] [ArtNet/wk] Late tick: 60.0ms (target 33.3ms, behind 28.8ms)
[21:37:23.212] [ERROR] [main] event-loop lag 196ms (probe 250ms)
[21:37:24.214] [ERROR] [main] event-loop lag 503ms (probe 250ms)
[21:37:35.046] [ERROR] [main] event-loop lag 297ms (probe 250ms)
[21:37:44.399] [ERROR] [main] event-loop lag 332ms (probe 250ms)
[21:37:47.334] [ERROR] [main] event-loop lag 431ms (probe 250ms)
[21:37:56.223] [ERROR] [main] event-loop lag 378ms (probe 250ms)
[21:38:00.826] [ERROR] [main] event-loop lag 344ms (probe 250ms)
[21:38:08.808] [ERROR] [main] event-loop lag 468ms (probe 250ms)
[21:38:14.990] [ERROR] [main] event-loop lag 416ms (probe 250ms)
[21:38:19.888] [ERROR] [main] event-loop lag 388ms (probe 250ms)
[21:38:29.318] [ERROR] [main] event-loop lag 415ms (probe 250ms)
[21:38:32.769] [ERROR] [main] event-loop lag 445ms (probe 250ms)
[21:38:43.958] [ERROR] [main] event-loop lag 409ms (probe 250ms)
[21:38:54.275] [ERROR] [main] event-loop lag 292ms (probe 250ms)
[21:39:04.346] [ERROR] [main] event-loop lag 309ms (probe 250ms)
[21:39:13.661] [ERROR] [main] event-loop lag 299ms (probe 250ms)
[21:39:23.154] [ERROR] [main] event-loop lag 482ms (probe 250ms)
[21:39:31.514] [ERROR] [main] event-loop lag 347ms (probe 250ms)
[21:39:39.299] [ERROR] [main] event-loop lag 268ms (probe 250ms)
[21:39:48.728] [ERROR] [main] event-loop lag 402ms (probe 250ms)
[21:39:57.564] [ERROR] [main] event-loop lag 321ms (probe 250ms)
[21:40:06.157] [ERROR] [main] event-loop lag 325ms (probe 250ms)
[21:40:14.738] [ERROR] [main] event-loop lag 313ms (probe 250ms)
[21:40:23.072] [ERROR] [main] event-loop lag 325ms (probe 250ms)
[21:40:31.512] [ERROR] [main] event-loop lag 434ms (probe 250ms)
[21:40:39.951] [ERROR] [main] event-loop lag 429ms (probe 250ms)
[21:40:47.938] [ERROR] [main] event-loop lag 476ms (probe 250ms)
[21:40:58.085] [ERROR] [main] event-loop lag 385ms (probe 250ms)
[21:41:06.678] [ERROR] [main] event-loop lag 332ms (probe 250ms)
[21:41:15.279] [ERROR] [main] event-loop lag 346ms (probe 250ms)
[21:41:23.692] [ERROR] [main] event-loop lag 402ms (probe 250ms)
[21:41:32.484] [ERROR] [main] event-loop lag 282ms (probe 250ms)
[21:41:41.620] [ERROR] [main] event-loop lag 376ms (probe 250ms)
[21:41:50.000] [ERROR] [main] event-loop lag 373ms (probe 250ms)
[21:41:59.873] [ERROR] [main] event-loop lag 362ms (probe 250ms)
[21:42:08.859] [ERROR] [main] event-loop lag 478ms (probe 250ms)
[21:42:17.180] [ERROR] [main] event-loop lag 314ms (probe 250ms)
[21:42:26.667] [ERROR] [main] event-loop lag 472ms (probe 250ms)
[21:42:35.894] [ERROR] [main] event-loop lag 468ms (probe 250ms)
[21:42:44.921] [ERROR] [main] event-loop lag 267ms (probe 250ms)
[21:42:57.790] [ERROR] [main] event-loop lag 358ms (probe 250ms)
[21:43:07.804] [ERROR] [main] event-loop lag 496ms (probe 250ms)
[21:43:17.886] [ERROR] [main] event-loop lag 321ms (probe 250ms)
[21:43:27.387] [ERROR] [main] event-loop lag 489ms (probe 250ms)
[21:43:36.702] [ERROR] [main] event-loop lag 308ms (probe 250ms)
[21:43:46.122] [ERROR] [main] event-loop lag 403ms (probe 250ms)
[21:43:55.960] [ERROR] [main] event-loop lag 329ms (probe 250ms)
[21:44:05.166] [ERROR] [main] event-loop lag 442ms (probe 250ms)
[21:44:11.795] [ERROR] [main] event-loop lag 372ms (probe 250ms)
[21:44:14.398] [ERROR] [main] event-loop lag 349ms (probe 250ms)
[21:44:22.549] [ERROR] [main] event-loop lag 394ms (probe 250ms)
[21:44:32.229] [ERROR] [main] event-loop lag 415ms (probe 250ms)
[21:44:33.586] [ERROR] [main] event-loop lag 356ms (probe 250ms)
[21:44:42.648] [ERROR] [main] event-loop lag 300ms (probe 250ms)
[21:44:50.941] [ERROR] [main] event-loop lag 285ms (probe 250ms)
